0 info it worked if it ends with ok
1 verbose cli [ 'C:\\Program Files\\nodejs\\node.exe',
1 verbose cli   'C:\\Users\\Bill\\AppData\\Roaming\\npm\\node_modules\\npm\\bin\\npm-cli.js',
1 verbose cli   'start' ]
2 info using npm@4.0.3
3 info using node@v7.2.0
4 verbose run-script [ 'prestart', 'start', 'poststart' ]
5 info lifecycle poker_game@0.1.0~prestart: poker_game@0.1.0
6 silly lifecycle poker_game@0.1.0~prestart: no script for prestart, continuing
7 info lifecycle poker_game@0.1.0~start: poker_game@0.1.0
8 verbose lifecycle poker_game@0.1.0~start: unsafe-perm in lifecycle true
9 verbose lifecycle poker_game@0.1.0~start: PATH: C:\Users\Bill\AppData\Roaming\npm\node_modules\npm\bin\node-gyp-bin;C:\Users\Bill\Documents\GitHub\poker_game\node_modules\.bin;C:\Windows\system32;C:\Windows;C:\Windows\System32\Wbem;C:\Windows\System32\WindowsPowerShell\v1.0\;C:\Program Files (x86)\Skype\Phone\;C:\Program Files\TortoiseSVN\bin;C:\Program Files\nodejs\;C:\Users\Bill\AppData\Local\Microsoft\WindowsApps;C:\Users\Bill\AppData\Local\atom\bin;C:\Users\Bill\AppData\Roaming\npm
10 verbose lifecycle poker_game@0.1.0~start: CWD: C:\Users\Bill\Documents\GitHub\poker_game
11 silly lifecycle poker_game@0.1.0~start: Args: [ '/d /s /c', 'react-scripts start' ]
12 silly lifecycle poker_game@0.1.0~start: Returned: code: 3221225786  signal: null
13 info lifecycle poker_game@0.1.0~start: Failed to exec start script
14 verbose stack Error: poker_game@0.1.0 start: `react-scripts start`
14 verbose stack Exit status 3221225786
14 verbose stack     at EventEmitter.<anonymous> (C:\Users\Bill\AppData\Roaming\npm\node_modules\npm\lib\utils\lifecycle.js:279:16)
14 verbose stack     at emitTwo (events.js:106:13)
14 verbose stack     at EventEmitter.emit (events.js:191:7)
14 verbose stack     at ChildProcess.<anonymous> (C:\Users\Bill\AppData\Roaming\npm\node_modules\npm\lib\utils\spawn.js:40:14)
14 verbose stack     at emitTwo (events.js:106:13)
14 verbose stack     at ChildProcess.emit (events.js:191:7)
14 verbose stack     at maybeClose (internal/child_process.js:885:16)
14 verbose stack     at Process.ChildProcess._handle.onexit (internal/child_process.js:226:5)
15 verbose pkgid poker_game@0.1.0
16 verbose cwd C:\Users\Bill\Documents\GitHub\poker_game
17 error Windows_NT 10.0.14393
18 error argv "C:\\Program Files\\nodejs\\node.exe" "C:\\Users\\Bill\\AppData\\Roaming\\npm\\node_modules\\npm\\bin\\npm-cli.js" "start"
19 error node v7.2.0
20 error npm  v4.0.3
21 error code ELIFECYCLE
22 error poker_game@0.1.0 start: `react-scripts start`
22 error Exit status 3221225786
23 error Failed at the poker_game@0.1.0 start script 'react-scripts start'.
23 error Make sure you have the latest version of node.js and npm installed.
23 error If you do, this is most likely a problem with the poker_game package,
23 error not with npm itself.
23 error Tell the author that this fails on your system:
23 error     react-scripts start
23 error You can get information on how to open an issue for this project with:
23 error     npm bugs poker_game
23 error Or if that isn't available, you can get their info via:
23 error     npm owner ls poker_game
23 error There is likely additional logging output above.
24 verbose exit [ 1, true ]
